  DataLoader.cpp
  HMM.cpp
  main.cpp
  ParallelHMM.cpp
  Result.cpp
  SerialHMM.cpp
D:\Git-Directory\Exchange_rate_prediction_program\환율예측프로그램\환율예측프로그램\ParallelHMM.h(6,2): error C4430: 형식 지정자가 없습니다. int로 가정합니다. 참고: C++에서는 기본 int를 지원하지 않습니다.
  (소스 파일 'main.cpp'을(를) 컴파일하는 중)
  
D:\Git-Directory\Exchange_rate_prediction_program\환율예측프로그램\환율예측프로그램\ParallelHMM.h(6,2): warning C4183: 'ParallHMM': 반환 형식이 없습니다. 'int'를 반환하는 멤버 함수로 간주됩니다.
  (소스 파일 'main.cpp'을(를) 컴파일하는 중)
  
D:\Git-Directory\Exchange_rate_prediction_program\환율예측프로그램\환율예측프로그램\main.cpp(30,6): error C2660: 'SerialHMM::predictNextState': 함수는 0개의 인수를 사용하지 않습니다.
      D:\Git-Directory\Exchange_rate_prediction_program\환율예측프로그램\환율예측프로그램\serialHMM.h(23,7):
      'SerialHMM::predictNextState' 선언을 참조하십시오.
      D:\Git-Directory\Exchange_rate_prediction_program\환율예측프로그램\환율예측프로그램\main.cpp(30,6):
      인수 목록 '()'을(를) 일치시키는 동안
  
D:\Git-Directory\Exchange_rate_prediction_program\환율예측프로그램\환율예측프로그램\SerialHMM.cpp(35,40): error C2065: 'N': 선언되지 않은 식별자입니다.
D:\Git-Directory\Exchange_rate_prediction_program\환율예측프로그램\환율예측프로그램\SerialHMM.cpp(35,3): error C2660: 'memset': 함수는 2개의 인수를 사용하지 않습니다.
      C:\Program Files\Microsoft Visual Studio\2022\Community\VC\Tools\MSVC\14.44.35207\include\vcruntime_string.h(63,15):
      'memset' 선언을 참조하십시오.
      D:\Git-Directory\Exchange_rate_prediction_program\환율예측프로그램\환율예측프로그램\SerialHMM.cpp(35,3):
      인수 목록 '(double *, int)'을(를) 일치시키는 동안
  
D:\Git-Directory\Exchange_rate_prediction_program\환율예측프로그램\환율예측프로그램\SerialHMM.cpp(36,45): error C2065: 'N': 선언되지 않은 식별자입니다.
D:\Git-Directory\Exchange_rate_prediction_program\환율예측프로그램\환율예측프로그램\SerialHMM.cpp(36,9): error C2660: 'memset': 함수는 2개의 인수를 사용하지 않습니다.
      C:\Program Files\Microsoft Visual Studio\2022\Community\VC\Tools\MSVC\14.44.35207\include\vcruntime_string.h(63,15):
      'memset' 선언을 참조하십시오.
      D:\Git-Directory\Exchange_rate_prediction_program\환율예측프로그램\환율예측프로그램\SerialHMM.cpp(36,9):
      인수 목록 '(double *, int)'을(를) 일치시키는 동안
  
D:\Git-Directory\Exchange_rate_prediction_program\환율예측프로그램\환율예측프로그램\SerialHMM.cpp(37,46): error C2065: 'N': 선언되지 않은 식별자입니다.
D:\Git-Directory\Exchange_rate_prediction_program\환율예측프로그램\환율예측프로그램\SerialHMM.cpp(37,9): error C2660: 'memset': 함수는 2개의 인수를 사용하지 않습니다.
      C:\Program Files\Microsoft Visual Studio\2022\Community\VC\Tools\MSVC\14.44.35207\include\vcruntime_string.h(63,15):
      'memset' 선언을 참조하십시오.
      D:\Git-Directory\Exchange_rate_prediction_program\환율예측프로그램\환율예측프로그램\SerialHMM.cpp(37,9):
      인수 목록 '(double *, int)'을(를) 일치시키는 동안
  
D:\Git-Directory\Exchange_rate_prediction_program\환율예측프로그램\환율예측프로그램\SerialHMM.cpp(44,37): error C2065: 'N': 선언되지 않은 식별자입니다.
D:\Git-Directory\Exchange_rate_prediction_program\환율예측프로그램\환율예측프로그램\SerialHMM.cpp(44,41): error C2065: 'N': 선언되지 않은 식별자입니다.
D:\Git-Directory\Exchange_rate_prediction_program\환율예측프로그램\환율예측프로그램\SerialHMM.cpp(44,3): error C2660: 'memset': 함수는 2개의 인수를 사용하지 않습니다.
      C:\Program Files\Microsoft Visual Studio\2022\Community\VC\Tools\MSVC\14.44.35207\include\vcruntime_string.h(63,15):
      'memset' 선언을 참조하십시오.
      D:\Git-Directory\Exchange_rate_prediction_program\환율예측프로그램\환율예측프로그램\SerialHMM.cpp(44,3):
      인수 목록 '(double *, int)'을(를) 일치시키는 동안
  
  코드를 생성하고 있습니다...
