  main.cpp
  ParallelHMM.cpp
D:\Git-Directory\project\PP\FXPredictor\FXPredictor\main.cpp(31,14): error C2259: 'ParallelHMM': 추상 클래스를 인스턴스화할 수 없습니다.
      D:\Git-Directory\project\PP\FXPredictor\FXPredictor\ParallelHMM.h(4,7):
      'ParallelHMM' 선언을 참조하십시오.
      D:\Git-Directory\project\PP\FXPredictor\FXPredictor\main.cpp(31,14):
      다음 멤버가 원인입니다.
      D:\Git-Directory\project\PP\FXPredictor\FXPredictor\main.cpp(31,14):
      'void HMM::initialize(void)': abstract입니다.
      D:\Git-Directory\project\PP\FXPredictor\FXPredictor\HMM.h(33,15):
      'HMM::initialize' 선언을 참조하십시오.
      D:\Git-Directory\project\PP\FXPredictor\FXPredictor\main.cpp(31,14):
      'void HMM::viterbi(void)': abstract입니다.
      D:\Git-Directory\project\PP\FXPredictor\FXPredictor\HMM.h(45,15):
      'HMM::viterbi' 선언을 참조하십시오.
  
D:\Git-Directory\project\PP\FXPredictor\FXPredictor\main.cpp(31,22): error C2259: 'ParallelHMM': 추상 클래스를 인스턴스화할 수 없습니다.
      D:\Git-Directory\project\PP\FXPredictor\FXPredictor\ParallelHMM.h(4,7):
      'ParallelHMM' 선언을 참조하십시오.
      D:\Git-Directory\project\PP\FXPredictor\FXPredictor\main.cpp(31,22):
      다음 멤버가 원인입니다.
      D:\Git-Directory\project\PP\FXPredictor\FXPredictor\main.cpp(31,22):
      'void HMM::initialize(void)': abstract입니다.
      D:\Git-Directory\project\PP\FXPredictor\FXPredictor\HMM.h(33,15):
      'HMM::initialize' 선언을 참조하십시오.
      D:\Git-Directory\project\PP\FXPredictor\FXPredictor\main.cpp(31,22):
      'void HMM::viterbi(void)': abstract입니다.
      D:\Git-Directory\project\PP\FXPredictor\FXPredictor\HMM.h(45,15):
      'HMM::viterbi' 선언을 참조하십시오.
  
D:\Git-Directory\project\PP\FXPredictor\FXPredictor\main.cpp(31,22): error C2661: 'ParallelHMM::ParallelHMM': 오버로드된 함수에서 4개의 인수를 사용하지 않습니다.
      D:\Git-Directory\project\PP\FXPredictor\FXPredictor\main.cpp(31,22):
      인수 목록 '(DataPoint *, int, int, int)'을(를) 일치시키는 동안
  
D:\Git-Directory\project\PP\FXPredictor\FXPredictor\ParallelHMM.cpp(8,14): error C2511: 'ParallelHMM::ParallelHMM(const DataPoint *,int,int,int)': 오버로드된 멤버 함수가 'ParallelHMM'에 없습니다.
      D:\Git-Directory\project\PP\FXPredictor\FXPredictor\ParallelHMM.h(4,7):
      'ParallelHMM' 선언을 참조하십시오.
  
D:\Git-Directory\project\PP\FXPredictor\FXPredictor\ParallelHMM.cpp(10,1): error C2550: 'ParallelHMM::{ctor}': 생성자 이니셜라이저 목록은 생성자 정의에만 사용할 수 있습니다.
D:\Git-Directory\project\PP\FXPredictor\FXPredictor\ParallelHMM.cpp(24,5): error C2671: 'ParallelHMM::{ctor}': 정적 멤버 함수에 'this' 포인터가 없습니다.
D:\Git-Directory\project\PP\FXPredictor\FXPredictor\ParallelHMM.cpp(25,5): error C2671: 'ParallelHMM::{ctor}': 정적 멤버 함수에 'this' 포인터가 없습니다.
D:\Git-Directory\project\PP\FXPredictor\FXPredictor\ParallelHMM.cpp(26,5): error C2671: 'ParallelHMM::{ctor}': 정적 멤버 함수에 'this' 포인터가 없습니다.
D:\Git-Directory\project\PP\FXPredictor\FXPredictor\ParallelHMM.cpp(27,5): error C2671: 'ParallelHMM::{ctor}': 정적 멤버 함수에 'this' 포인터가 없습니다.
D:\Git-Directory\project\PP\FXPredictor\FXPredictor\ParallelHMM.cpp(30,5): error C2597: 비정적 멤버 'ParallelHMM::obs'에 대한 참조가 잘못되었습니다.
      D:\Git-Directory\project\PP\FXPredictor\FXPredictor\ParallelHMM.h(7,7):
      'ParallelHMM::obs' 선언을 참조하십시오.
  
D:\Git-Directory\project\PP\FXPredictor\FXPredictor\ParallelHMM.cpp(38,9): error C2597: 비정적 멤버 'ParallelHMM::obs'에 대한 참조가 잘못되었습니다.
      D:\Git-Directory\project\PP\FXPredictor\FXPredictor\ParallelHMM.cpp(38,9):
      'ParallelHMM::obs' 선언을 참조하십시오.
  
D:\Git-Directory\project\PP\FXPredictor\FXPredictor\ParallelHMM.cpp(38,9): error C3867: 'ParallelHMM::obs': 비표준 구문입니다. '&'를 사용하여 멤버 포인터를 만드세요.
D:\Git-Directory\project\PP\FXPredictor\FXPredictor\ParallelHMM.cpp(38,9): error C2568: '[': 함수 오버로드를 확인할 수 없습니다.
D:\Git-Directory\project\PP\FXPredictor\FXPredictor\ParallelHMM.cpp(41,5): error C2597: 비정적 멤버 'HMM::pi'에 대한 참조가 잘못되었습니다.
      D:\Git-Directory\project\PP\FXPredictor\FXPredictor\HMM.h(25,10):
      'HMM::pi' 선언을 참조하십시오.
  
D:\Git-Directory\project\PP\FXPredictor\FXPredictor\ParallelHMM.cpp(43,5): error C2597: 비정적 멤버 'HMM::A'에 대한 참조가 잘못되었습니다.
      D:\Git-Directory\project\PP\FXPredictor\FXPredictor\HMM.h(26,11):
      'HMM::A' 선언을 참조하십시오.
  
D:\Git-Directory\project\PP\FXPredictor\FXPredictor\ParallelHMM.cpp(44,5): error C2597: 비정적 멤버 'HMM::B'에 대한 참조가 잘못되었습니다.
      D:\Git-Directory\project\PP\FXPredictor\FXPredictor\HMM.h(27,11):
      'HMM::B' 선언을 참조하십시오.
  
D:\Git-Directory\project\PP\FXPredictor\FXPredictor\ParallelHMM.cpp(47,9): error C2597: 비정적 멤버 'HMM::A'에 대한 참조가 잘못되었습니다.
      D:\Git-Directory\project\PP\FXPredictor\FXPredictor\ParallelHMM.cpp(47,9):
      'HMM::A' 선언을 참조하십시오.
  
D:\Git-Directory\project\PP\FXPredictor\FXPredictor\ParallelHMM.cpp(47,9): error C3867: 'HMM::A': 비표준 구문입니다. '&'를 사용하여 멤버 포인터를 만드세요.
D:\Git-Directory\project\PP\FXPredictor\FXPredictor\ParallelHMM.cpp(47,9): error C2568: '[': 함수 오버로드를 확인할 수 없습니다.
D:\Git-Directory\project\PP\FXPredictor\FXPredictor\ParallelHMM.cpp(48,9): error C2597: 비정적 멤버 'HMM::B'에 대한 참조가 잘못되었습니다.
      D:\Git-Directory\project\PP\FXPredictor\FXPredictor\ParallelHMM.cpp(48,9):
      'HMM::B' 선언을 참조하십시오.
  
D:\Git-Directory\project\PP\FXPredictor\FXPredictor\ParallelHMM.cpp(48,9): error C3867: 'HMM::B': 비표준 구문입니다. '&'를 사용하여 멤버 포인터를 만드세요.
D:\Git-Directory\project\PP\FXPredictor\FXPredictor\ParallelHMM.cpp(48,9): error C2568: '[': 함수 오버로드를 확인할 수 없습니다.
D:\Git-Directory\project\PP\FXPredictor\FXPredictor\ParallelHMM.cpp(51,5): error C2597: 비정적 멤버 'ParallelHMM::alpha'에 대한 참조가 잘못되었습니다.
      D:\Git-Directory\project\PP\FXPredictor\FXPredictor\ParallelHMM.h(10,11):
      'ParallelHMM::alpha' 선언을 참조하십시오.
  
D:\Git-Directory\project\PP\FXPredictor\FXPredictor\ParallelHMM.cpp(52,5): error C2597: 비정적 멤버 'ParallelHMM::beta'에 대한 참조가 잘못되었습니다.
      D:\Git-Directory\project\PP\FXPredictor\FXPredictor\ParallelHMM.h(11,11):
      'ParallelHMM::beta' 선언을 참조하십시오.
  
D:\Git-Directory\project\PP\FXPredictor\FXPredictor\ParallelHMM.cpp(53,5): error C2597: 비정적 멤버 'ParallelHMM::gamma'에 대한 참조가 잘못되었습니다.
      D:\Git-Directory\project\PP\FXPredictor\FXPredictor\ParallelHMM.h(12,11):
      'ParallelHMM::gamma' 선언을 참조하십시오.
  
D:\Git-Directory\project\PP\FXPredictor\FXPredictor\ParallelHMM.cpp(56,9): error C2597: 비정적 멤버 'ParallelHMM::alpha'에 대한 참조가 잘못되었습니다.
      D:\Git-Directory\project\PP\FXPredictor\FXPredictor\ParallelHMM.cpp(56,9):
      'ParallelHMM::alpha' 선언을 참조하십시오.
  
D:\Git-Directory\project\PP\FXPredictor\FXPredictor\ParallelHMM.cpp(56,9): error C3867: 'ParallelHMM::alpha': 비표준 구문입니다. '&'를 사용하여 멤버 포인터를 만드세요.
D:\Git-Directory\project\PP\FXPredictor\FXPredictor\ParallelHMM.cpp(56,9): error C2568: '[': 함수 오버로드를 확인할 수 없습니다.
D:\Git-Directory\project\PP\FXPredictor\FXPredictor\ParallelHMM.cpp(57,9): error C2597: 비정적 멤버 'ParallelHMM::beta'에 대한 참조가 잘못되었습니다.
      D:\Git-Directory\project\PP\FXPredictor\FXPredictor\ParallelHMM.cpp(57,9):
      'ParallelHMM::beta' 선언을 참조하십시오.
  
D:\Git-Directory\project\PP\FXPredictor\FXPredictor\ParallelHMM.cpp(57,9): error C3867: 'ParallelHMM::beta': 비표준 구문입니다. '&'를 사용하여 멤버 포인터를 만드세요.
D:\Git-Directory\project\PP\FXPredictor\FXPredictor\ParallelHMM.cpp(57,9): error C2568: '[': 함수 오버로드를 확인할 수 없습니다.
D:\Git-Directory\project\PP\FXPredictor\FXPredictor\ParallelHMM.cpp(58,9): error C2597: 비정적 멤버 'ParallelHMM::gamma'에 대한 참조가 잘못되었습니다.
      D:\Git-Directory\project\PP\FXPredictor\FXPredictor\ParallelHMM.cpp(58,9):
      'ParallelHMM::gamma' 선언을 참조하십시오.
  
D:\Git-Directory\project\PP\FXPredictor\FXPredictor\ParallelHMM.cpp(58,9): error C3867: 'ParallelHMM::gamma': 비표준 구문입니다. '&'를 사용하여 멤버 포인터를 만드세요.
D:\Git-Directory\project\PP\FXPredictor\FXPredictor\ParallelHMM.cpp(58,9): error C2568: '[': 함수 오버로드를 확인할 수 없습니다.
D:\Git-Directory\project\PP\FXPredictor\FXPredictor\ParallelHMM.cpp(60,16): error C2597: 비정적 멤버 'ParallelHMM::alpha'에 대한 참조가 잘못되었습니다.
      D:\Git-Directory\project\PP\FXPredictor\FXPredictor\ParallelHMM.cpp(60,16):
      'ParallelHMM::alpha' 선언을 참조하십시오.
  
D:\Git-Directory\project\PP\FXPredictor\FXPredictor\ParallelHMM.cpp(60,16): error C3867: 'ParallelHMM::alpha': 비표준 구문입니다. '&'를 사용하여 멤버 포인터를 만드세요.
D:\Git-Directory\project\PP\FXPredictor\FXPredictor\ParallelHMM.cpp(60,16): error C2568: '[': 함수 오버로드를 확인할 수 없습니다.
D:\Git-Directory\project\PP\FXPredictor\FXPredictor\ParallelHMM.cpp(61,16): error C2597: 비정적 멤버 'ParallelHMM::beta'에 대한 참조가 잘못되었습니다.
      D:\Git-Directory\project\PP\FXPredictor\FXPredictor\ParallelHMM.cpp(61,16):
      'ParallelHMM::beta' 선언을 참조하십시오.
  
D:\Git-Directory\project\PP\FXPredictor\FXPredictor\ParallelHMM.cpp(61,16): error C3867: 'ParallelHMM::beta': 비표준 구문입니다. '&'를 사용하여 멤버 포인터를 만드세요.
D:\Git-Directory\project\PP\FXPredictor\FXPredictor\ParallelHMM.cpp(61,16): error C2568: '[': 함수 오버로드를 확인할 수 없습니다.
D:\Git-Directory\project\PP\FXPredictor\FXPredictor\ParallelHMM.cpp(62,16): error C2597: 비정적 멤버 'ParallelHMM::gamma'에 대한 참조가 잘못되었습니다.
      D:\Git-Directory\project\PP\FXPredictor\FXPredictor\ParallelHMM.cpp(62,16):
      'ParallelHMM::gamma' 선언을 참조하십시오.
  
D:\Git-Directory\project\PP\FXPredictor\FXPredictor\ParallelHMM.cpp(62,16): error C3867: 'ParallelHMM::gamma': 비표준 구문입니다. '&'를 사용하여 멤버 포인터를 만드세요.
D:\Git-Directory\project\PP\FXPredictor\FXPredictor\ParallelHMM.cpp(62,16): error C2568: '[': 함수 오버로드를 확인할 수 없습니다.
D:\Git-Directory\project\PP\FXPredictor\FXPredictor\ParallelHMM.cpp(65,5): error C2597: 비정적 멤버 'ParallelHMM::xi'에 대한 참조가 잘못되었습니다.
      D:\Git-Directory\project\PP\FXPredictor\FXPredictor\ParallelHMM.h(13,11):
      'ParallelHMM::xi' 선언을 참조하십시오.
  
D:\Git-Directory\project\PP\FXPredictor\FXPredictor\ParallelHMM.cpp(69,9): error C2597: 비정적 멤버 'ParallelHMM::xi'에 대한 참조가 잘못되었습니다.
      D:\Git-Directory\project\PP\FXPredictor\FXPredictor\ParallelHMM.cpp(69,9):
      'ParallelHMM::xi' 선언을 참조하십시오.
  
D:\Git-Directory\project\PP\FXPredictor\FXPredictor\ParallelHMM.cpp(69,9): error C3867: 'ParallelHMM::xi': 비표준 구문입니다. '&'를 사용하여 멤버 포인터를 만드세요.
D:\Git-Directory\project\PP\FXPredictor\FXPredictor\ParallelHMM.cpp(69,9): error C2568: '[': 함수 오버로드를 확인할 수 없습니다.
D:\Git-Directory\project\PP\FXPredictor\FXPredictor\ParallelHMM.cpp(71,16): error C2597: 비정적 멤버 'ParallelHMM::xi'에 대한 참조가 잘못되었습니다.
      D:\Git-Directory\project\PP\FXPredictor\FXPredictor\ParallelHMM.cpp(71,16):
      'ParallelHMM::xi' 선언을 참조하십시오.
  
D:\Git-Directory\project\PP\FXPredictor\FXPredictor\ParallelHMM.cpp(71,16): error C3867: 'ParallelHMM::xi': 비표준 구문입니다. '&'를 사용하여 멤버 포인터를 만드세요.
D:\Git-Directory\project\PP\FXPredictor\FXPredictor\ParallelHMM.cpp(71,16): error C2568: '[': 함수 오버로드를 확인할 수 없습니다.
D:\Git-Directory\project\PP\FXPredictor\FXPredictor\ParallelHMM.cpp(73,5): error C2597: 비정적 멤버 'ParallelHMM::num_procs'에 대한 참조가 잘못되었습니다.
      D:\Git-Directory\project\PP\FXPredictor\FXPredictor\ParallelHMM.h(14,6):
      'ParallelHMM::num_procs' 선언을 참조하십시오.
  
D:\Git-Directory\project\PP\FXPredictor\FXPredictor\ParallelHMM.cpp(76,15): error C2600: 'ParallelHMM::~ParallelHMM': 컴파일러 생성 특수 멤버 함수를 정의할 수 없습니다. 먼저 클래스에 선언해야 합니다.
  코드를 생성하고 있습니다...
